|000|2017-03-20|19:46:18|ADMIN|{B1477C80-CF6B-11DD-6784-008BA5B118BE}|0
|900|Uninstalling Software
|901|Are you sure that you want to remove ReportExport Profesional and all of its components?
|902|Please wait while the software is uninstalled.
|903|The Wizard has successfully uninstalled ReportExport Profesional.
|904|The system indicates that the following shared file is no longer used by any programs and may be deleted.\n\n%s\n\nIf any programs are still using this file and it is removed those programs may not function.\n\nLeaving this file will not harm your system. If you are not sure what to do, you should select the No button. Do you want to remove the shared file?|Yes to &All
|905|This system must be restarted to complete the uninstallation. Press the OK button to restart this computer. Press Cancel to return to Windows without restarting.
|906|The following file is in use and cannot be updated:\n\n%s \n\nClose all other applications and choose Retry. Pressing Continue allows the uninstall program to continue and the file will be uninstalled after the next reboot.|Cont&inue
|007|1|_0000_|
|076|512
|017|
|015|Comments
|014|SOFTWARE\Microsoft\Windows\CurrentVersion\Uninstall\{B1477C80-CF6B-11DD-6784-008BA5B118BE}
|013|_0000_|3|1
|017|Gustavo Olmedo - olmedog@gmail.com
|015|Contact
|014|SOFTWARE\Microsoft\Windows\CurrentVersion\Uninstall\{B1477C80-CF6B-11DD-6784-008BA5B118BE}
|013|_0000_|3|1
|017|ReportExport Profesional
|015|DisplayName
|014|SOFTWARE\Microsoft\Windows\CurrentVersion\Uninstall\{B1477C80-CF6B-11DD-6784-008BA5B118BE}
|013|_0000_|3|1
|017|10 - JUL 2016
|015|DisplayVersion
|014|SOFTWARE\Microsoft\Windows\CurrentVersion\Uninstall\{B1477C80-CF6B-11DD-6784-008BA5B118BE}
|013|_0000_|3|1
|017|20170320
|015|InstallDate
|014|SOFTWARE\Microsoft\Windows\CurrentVersion\Uninstall\{B1477C80-CF6B-11DD-6784-008BA5B118BE}
|013|_0000_|3|1
|017|
|015|HelpTelephone
|014|SOFTWARE\Microsoft\Windows\CurrentVersion\Uninstall\{B1477C80-CF6B-11DD-6784-008BA5B118BE}
|013|_0000_|3|1
|017|C:\Clarion10\accessory
|015|InstallLocation
|014|SOFTWARE\Microsoft\Windows\CurrentVersion\Uninstall\{B1477C80-CF6B-11DD-6784-008BA5B118BE}
|013|_0000_|3|1
|017|Gustavo Olmedo
|015|Publisher
|014|SOFTWARE\Microsoft\Windows\CurrentVersion\Uninstall\{B1477C80-CF6B-11DD-6784-008BA5B118BE}
|013|_0000_|3|1
|017|C:\Clarion10\accessory\uninstall\Uninst_ReportExport Profesional.exe /U "C:\Clarion10\accessory\uninstall\Uninst_ReportExport Profesional.log"
|015|UninstallString
|014|SOFTWARE\Microsoft\Windows\CurrentVersion\Uninstall\{B1477C80-CF6B-11DD-6784-008BA5B118BE}
|013|_0000_|3|1
|017|0
|015|VersionMajor
|014|SOFTWARE\Microsoft\Windows\CurrentVersion\Uninstall\{B1477C80-CF6B-11DD-6784-008BA5B118BE}
|013|_0000_|3|3
|017|0
|015|VersionMinor
|014|SOFTWARE\Microsoft\Windows\CurrentVersion\Uninstall\{B1477C80-CF6B-11DD-6784-008BA5B118BE}
|013|_0000_|3|3
|017|http://www.templatesclarion.com.ar/
|015|URLInfoAbout
|014|SOFTWARE\Microsoft\Windows\CurrentVersion\Uninstall\{B1477C80-CF6B-11DD-6784-008BA5B118BE}
|013|_0000_|3|1
|017|
|015|HelpLink
|014|SOFTWARE\Microsoft\Windows\CurrentVersion\Uninstall\{B1477C80-CF6B-11DD-6784-008BA5B118BE}
|013|_0000_|3|1
|017|1
|015|NoModify
|014|SOFTWARE\Microsoft\Windows\CurrentVersion\Uninstall\{B1477C80-CF6B-11DD-6784-008BA5B118BE}
|013|_0000_|3|3
|017|1
|015|NoRepair
|014|SOFTWARE\Microsoft\Windows\CurrentVersion\Uninstall\{B1477C80-CF6B-11DD-6784-008BA5B118BE}
|013|_0000_|3|3
|017|0
|015|NoRemove
|014|SOFTWARE\Microsoft\Windows\CurrentVersion\Uninstall\{B1477C80-CF6B-11DD-6784-008BA5B118BE}
|013|_0000_|3|3
|017|10 - JUL 2016
|015|ProductVersion
|014|SOFTWARE\Microsoft\Windows\CurrentVersion\Uninstall\{B1477C80-CF6B-11DD-6784-008BA5B118BE}
|013|_0000_|3|3
|017|
|015|08C7741BB6FCDD11764800B85A1B81EB
|014|Software\Microsoft\Windows\CurrentVersion\Installer\UpgradeCodes\08C7741BB6FCDD11D3C600B85A1BA41E
|013|_0000_|3|1
|004|C:\Clarion10\accessory\Docs
|004|C:\Clarion10\accessory\Docs\Report_Export
|004|C:\Clarion10\accessory\Examples
|004|C:\Clarion10\accessory\Examples\Report_Export
|004|C:\Clarion10\accessory\resources\Report_Export
|006|_0000_|C:\Clarion10\accessory\template\win\evo_rpt_Ex1.tpw|1|2015/05/20|14:53:26||11068|79C24ACD||0|
|006|_0000_|C:\Clarion10\accessory\template\win\evo_rpt_Ex9.tpw|2|2015/03/15|23:38:16||25771|B3C0BD00||0|
|006|_0000_|C:\Clarion10\accessory\template\win\evo_Rpt_Ex.tpl|3|2014/12/12|11:18:06||3264|8F2BB9BA||0|
|006|_0000_|C:\Clarion10\accessory\template\win\evo_Rpt_ExLeg.tpl|4|2011/08/09|20:37:34||2889|13166C5C||0|
|006|_0000_|C:\Clarion10\accessory\template\win\evo_rpt_ExLeg.tpw|5|2009/12/23|11:28:18||22265|33E18FF3||0|
|006|_0000_|C:\Clarion10\accessory\images\144.ICO|6|2002/08/02|02:09:00||22486|5144215C||0|
|006|_0000_|C:\Clarion10\accessory\images\164.ICO|7|2002/08/02|02:10:12||22486|ACC81FF7||0|
|006|_0000_|C:\Clarion10\accessory\images\admin.ico|8|2002/09/16|20:54:48||10534|318BAF05||0|
|006|_0000_|C:\Clarion10\accessory\images\Application.ico|9|2002/06/10|07:08:18||4710|B40BA926||0|
|006|_0000_|C:\Clarion10\accessory\images\aqua.ico|10|1999/10/23|01:45:42||766|9036B94F||0|
|006|_0000_|C:\Clarion10\accessory\images\back.ico|11|2003/10/06|22:37:48||26694|A951C7CF||0|
|006|_0000_|C:\Clarion10\accessory\images\back2.ico|12|2004/03/31|21:16:08||3774|7FA78735||0|
|006|_0000_|C:\Clarion10\accessory\images\black.ico|13|1999/10/23|01:47:52||766|C6E43F0B||0|
|006|_0000_|C:\Clarion10\accessory\images\blue.ico|14|1999/10/23|01:48:44||766|43F6E0CE||0|
|006|_0000_|C:\Clarion10\accessory\images\Browse.ico|15|2003/10/10|05:17:22||3262|0D295E84||0|
|006|_0000_|C:\Clarion10\accessory\images\BROWSE100.bmp|16|2011/08/31|15:33:24||33954|835E301E||0|
|006|_0000_|C:\Clarion10\accessory\images\cajaCWT.bmp|17|2011/08/05|18:47:24||33954|CEB86292||0|
|006|_0000_|C:\Clarion10\accessory\images\calendar.ico|18|2002/11/18|19:10:04||10534|D47B4526||0|
|006|_0000_|C:\Clarion10\accessory\images\Calendario.ico|19|2004/08/17|14:06:06||159406|7E155417||0|
|006|_0000_|C:\Clarion10\accessory\images\clock.ico|20|2002/04/18|05:06:16||9774|D951EBF2||0|
|006|_0000_|C:\Clarion10\accessory\images\config_mail.ico|21|1996/04/14|21:00:00||766|DF288F09||0|
|006|_0000_|C:\Clarion10\accessory\images\der_todos.ico|22|2006/05/26|20:08:58||9158|CF3DC6A3||0|
|006|_0000_|C:\Clarion10\accessory\images\down.ico|23|2003/10/06|22:37:48||26694|46E91621||0|
|006|_0000_|C:\Clarion10\accessory\images\ec_Ascii.ico|24|2007/10/17|06:26:58||139081|42B9329E||0|
|006|_0000_|C:\Clarion10\accessory\images\ec_calc.ico|25|2004/11/26|22:43:42||10134|D8308EF5||0|
|006|_0000_|C:\Clarion10\accessory\images\ec_Excel.ico|26|2012/07/16|23:22:08||165017|7CE718B2||0|
|006|_0000_|C:\Clarion10\accessory\images\ec_explorer.ico|27|2012/10/18|23:00:22||370070|4D097A59||0|
|006|_0000_|C:\Clarion10\accessory\images\ec_oo.bmp|28|2009/11/13|16:11:40||33078|222DFD77||0|
|006|_0000_|C:\Clarion10\accessory\images\ec_printer.ico|29|2011/08/06|16:50:50||15086|11B9EB36||0|
|006|_0000_|C:\Clarion10\accessory\images\ec_word.ico|30|2012/07/16|23:22:08||165175|E1510249||0|
|006|_0000_|C:\Clarion10\accessory\images\ec_XML.ico|31|2003/10/27|11:42:04||101622|46B785B0||0|
|006|_0000_|C:\Clarion10\accessory\images\edit.ico|32|2003/11/28|00:50:44||94198|028A6448||0|
|006|_0000_|C:\Clarion10\accessory\images\element_delete.ico|33|2009/10/15|13:26:54||170225|A9C725D7||0|
|006|_0000_|C:\Clarion10\accessory\images\element_new_after.ico|34|2009/10/15|13:27:18||194855|4DF32866||0|
|006|_0000_|C:\Clarion10\accessory\images\Excel.ico|35|2012/07/16|23:22:08||165017|7CE718B2||0|
|006|_0000_|C:\Clarion10\accessory\images\EXCEL100.bmp|36|2011/08/31|17:37:36||33954|3B894685||0|
|006|_0000_|C:\Clarion10\accessory\images\exit.ico|37|2003/11/14|17:31:24||8294|8865B919||0|
|006|_0000_|C:\Clarion10\accessory\images\export.ico|38|2003/09/24|22:00:32||3262|5E63340A||0|
|006|_0000_|C:\Clarion10\accessory\images\forward.ico|39|2003/10/06|22:37:48||26694|B7E9A7A9||0|
|006|_0000_|C:\Clarion10\accessory\images\fuschia.ico|40|1999/10/23|01:50:50||766|7195FA9A||0|
|006|_0000_|C:\Clarion10\accessory\images\garbage_full.ico|41|2003/10/06|22:38:44||26694|117B1E13||0|
|006|_0000_|C:\Clarion10\accessory\images\gray.ico|42|1999/10/23|01:51:28||766|3F07558D||0|
|006|_0000_|C:\Clarion10\accessory\images\green.ico|43|1999/10/23|01:51:54||766|1524668A||0|
|006|_0000_|C:\Clarion10\accessory\images\horiz.ico|44|2000/02/23|23:00:04||766|F4D0FC42||0|
|006|_0000_|C:\Clarion10\accessory\images\ie.ico|45|2012/10/18|23:00:22||370070|4D097A59||0|
|006|_0000_|C:\Clarion10\accessory\images\ITfirstb.ico|46|2002/01/16|23:05:08||2238|C8CEFA18||0|
|006|_0000_|C:\Clarion10\accessory\images\ITlastb.ico|47|2002/01/16|23:07:00||2238|A7C00D13||0|
|006|_0000_|C:\Clarion10\accessory\images\ITmark.ico|48|2003/10/08|03:00:58||3262|FEBFDBA9||0|
|006|_0000_|C:\Clarion10\accessory\images\ITnextpage.ico|49|2002/01/11|17:20:56||2238|6B92F606||0|
|006|_0000_|C:\Clarion10\accessory\images\ITnextpageb.ico|50|2002/01/16|23:07:56||2238|AC987B2B||0|
|006|_0000_|C:\Clarion10\accessory\lib\CLAEVOL.LIB|57|2016/07/11|10:26:00||4283329|1618AABD||0|
|006|_0000_|C:\Clarion10\accessory\lib\CLAEVO.LIB|58|2016/07/11|10:22:13||234|FCF5081D||0|
|006|_0000_|C:\Clarion10\accessory\bin\Claevo.dll|59|2016/07/11|10:22:13|0.0.0.4|2745904|DAD2B27F||0|
|006|_0000_|C:\Clarion10\accessory\images\ITnoprintb.ico|60|2002/01/18|11:21:44||2238|6019B6F0||0|
|006|_0000_|C:\Clarion10\accessory\images\ITpageb.ico|61|2002/01/18|14:14:44||2238|51E21A8F||0|
|006|_0000_|C:\Clarion10\accessory\images\ITpagedropb.ico|62|2002/01/16|22:59:04||2238|89095B4B||0|
|006|_0000_|C:\Clarion10\accessory\images\ITpagefullb.ico|63|2002/01/16|23:00:16||2238|F7593DA3||0|
|006|_0000_|C:\Clarion10\accessory\images\ITpagehb.ico|64|2002/01/16|23:00:52||2238|7111EAE1||0|
|006|_0000_|C:\Clarion10\accessory\images\ITpagewb.ico|65|2002/01/16|23:01:20||2238|7EA3849B||0|
|006|_0000_|C:\Clarion10\accessory\images\ITprevpageb.ico|66|2002/01/16|23:08:36||2238|3819A1D3||0|
|006|_0000_|C:\Clarion10\accessory\images\ITprint.ico|67|2002/01/18|14:20:00||2238|4533B427||0|
|006|_0000_|C:\Clarion10\accessory\images\ITprint1b.ico|68|2002/01/18|11:17:08||2238|C28D114C||0|
|006|_0000_|C:\Clarion10\accessory\images\ITunmark.ico|69|2002/01/18|04:12:20||2238|11C50DF8||0|
|006|_0000_|C:\Clarion10\accessory\images\ITzoomb.cur|70|2002/01/16|23:11:08||2238|66D0CAC9||0|
|006|_0000_|C:\Clarion10\accessory\images\ITzoomg.cur|71|2002/01/22|09:39:16||2238|BB4006C1||0|
|006|_0000_|C:\Clarion10\accessory\images\ITzoominb.ico|72|2002/01/16|23:03:08||2238|C9410A2A||0|
|006|_0000_|C:\Clarion10\accessory\images\ITzoomoutb.ico|73|2002/01/16|23:03:52||2238|86653BCE||0|
|006|_0000_|C:\Clarion10\accessory\images\Izq_todos.ico|74|2006/06/08|17:49:22||9158|67FBBF29||0|
|006|_0000_|C:\Clarion10\accessory\images\lime.ico|75|1999/10/23|01:52:20||766|ECC70C0C||0|
|006|_0000_|C:\Clarion10\accessory\images\MANO.CUR|76|1992/05/29|05:13:48||326|0E24C595||0|
|006|_0000_|C:\Clarion10\accessory\images\maroon.ico|77|1999/10/23|01:52:48||766|42BC90EB||0|
|006|_0000_|C:\Clarion10\accessory\images\navy.ico|78|1999/10/23|01:53:52||766|097027EC||0|
|006|_0000_|C:\Clarion10\accessory\images\no.ico|79|2003/08/17|10:37:38||2238|17C3A190||0|
|006|_0000_|C:\Clarion10\accessory\images\olive.ico|80|1999/10/23|01:54:18||766|917CC96A||0|
|006|_0000_|C:\Clarion10\accessory\images\order.ico|81|2006/05/05|13:23:52||3638|1AD05683||0|
|006|_0000_|C:\Clarion10\accessory\images\order_left.ico|82|2006/05/26|20:02:00||1758|C281E24D||0|
|006|_0000_|C:\Clarion10\accessory\images\order_right.ico|83|2006/05/26|20:02:14||1758|20FAEE0E||0|
|006|_0000_|C:\Clarion10\accessory\images\PDF100.bmp|84|2011/08/31|17:37:22||33954|19019420||0|
|006|_0000_|C:\Clarion10\accessory\images\preview.ico|85|2004/09/10|02:38:06||23558|BD0E9303||0|
|006|_0000_|C:\Clarion10\accessory\images\purple.ico|86|1999/10/23|01:55:12||766|A1F1E365||0|
|006|_0000_|C:\Clarion10\accessory\images\red.ico|87|1999/10/23|01:55:40||766|BB5FFA6D||0|
|006|_0000_|C:\Clarion10\accessory\images\REPORT100.bmp|88|2011/08/31|17:37:12||33354|E234113E||0|
|006|_0000_|C:\Clarion10\accessory\images\salir.ico|89|2003/11/28|04:50:24||94198|A9D4E874||0|
|006|_0000_|C:\Clarion10\accessory\images\search.ico|90|2003/11/28|00:48:52||94198|4B18F08C||0|
|006|_0000_|C:\Clarion10\accessory\images\silver.ico|91|1999/10/23|01:56:04||766|ED8D7C29||0|
|006|_0000_|C:\Clarion10\accessory\images\t2.ico|92|2004/07/21|06:17:16||3262|9A91E5D9||0|
|006|_0000_|C:\Clarion10\accessory\images\teal.ico|93|1999/10/23|01:56:48||766|8302A8BF||0|
|006|_0000_|C:\Clarion10\accessory\images\total.ico|94|2011/08/06|16:45:38||1150|1BE2A09F||0|
|006|_0000_|C:\Clarion10\accessory\images\Untitled.ico|95|2004/06/29|01:22:44||3990|36194F81||0|
|006|_0000_|C:\Clarion10\accessory\images\up.ico|96|2003/10/06|22:37:50||26694|58155708||0|
|006|_0000_|C:\Clarion10\accessory\images\up_minus.ico|97|2003/10/06|22:35:18||26694|1C2CE795||0|
|006|_0000_|C:\Clarion10\accessory\images\Vert.ico|98|2000/02/23|23:01:00||766|AF0566AE||0|
|006|_0000_|C:\Clarion10\accessory\images\white.ico|99|1999/10/23|01:42:16||766|146E16AF||0|
|006|_0000_|C:\Clarion10\accessory\images\Word.ico|100|2012/07/16|17:42:38||165615|E3E5DBA4||0|
|006|_0000_|C:\Clarion10\accessory\images\XML.ico|101|2003/10/27|11:42:04||101622|46B785B0||0|
|006|_0000_|C:\Clarion10\accessory\images\xpAscii.ico|102|2007/10/17|06:26:58||139081|42B9329E||0|
|006|_0000_|C:\Clarion10\accessory\images\XPAscii.ico.ico|103|2011/08/04|15:55:48||15086|E57ED047||0|
|006|_0000_|C:\Clarion10\accessory\images\XPCalculadora.ico|104|2002/08/15|00:56:54||8430|B3616117||0|
|006|_0000_|C:\Clarion10\accessory\images\XPExcel.ico|105|2003/11/14|17:31:24||766|3A848871||0|
|006|_0000_|C:\Clarion10\accessory\images\xpexplorer.ico|106|2003/09/20|23:31:08||17542|AD2B9DC7||0|
|006|_0000_|C:\Clarion10\accessory\images\xpsalir.ico|107|2003/11/14|17:31:24||8294|8865B919||0|
|006|_0000_|C:\Clarion10\accessory\images\xpword.ico|108|2004/07/21|06:09:52||1758|1861D507||0|
|006|_0000_|C:\Clarion10\accessory\images\xp_pri2nt.ico|109|2003/11/14|17:31:24||8294|866A60DB||0|
|006|_0000_|C:\Clarion10\accessory\images\yellow.ico|110|1999/10/23|01:57:18||766|689FA3EC||0|
|006|_0000_|C:\Clarion10\accessory\resources\Report_Export\back.ico|111|2003/10/06|22:37:48||26694|A951C7CF||0|
|006|_0000_|C:\Clarion10\accessory\resources\Report_Export\back_blue.ico|112|2003/10/06|22:37:50||26694|4AC64D8C||0|
|006|_0000_|C:\Clarion10\accessory\resources\Report_Export\der_todos.ico|113|2006/05/26|20:08:58||9158|CF3DC6A3||0|
|006|_0000_|C:\Clarion10\accessory\resources\Report_Export\down.ico|114|2003/10/06|22:37:48||26694|46E91621||0|
|006|_0000_|C:\Clarion10\accessory\resources\Report_Export\ec_Ascii.ico|115|2007/10/17|06:26:58||139081|42B9329E||0|
|006|_0000_|C:\Clarion10\accessory\resources\Report_Export\ec_calc.ico|116|2004/11/26|22:43:42||10134|D8308EF5||0|
|006|_0000_|C:\Clarion10\accessory\resources\Report_Export\ec_Excel.ico|117|2012/07/16|23:22:08||165017|7CE718B2||0|
|006|_0000_|C:\Clarion10\accessory\resources\Report_Export\ec_explorer.ico|118|2012/10/18|23:00:22||370070|4D097A59||0|
|006|_0000_|C:\Clarion10\accessory\resources\Report_Export\ec_oo.bmp|119|2009/11/13|16:11:40||33078|222DFD77||0|
|006|_0000_|C:\Clarion10\accessory\resources\Report_Export\ec_printer.ico|120|2011/08/06|16:50:50||15086|11B9EB36||0|
|006|_0000_|C:\Clarion10\accessory\resources\Report_Export\ec_word.ico|121|2012/07/16|23:22:08||165175|E1510249||0|
|006|_0000_|C:\Clarion10\accessory\resources\Report_Export\ec_XML.ico|122|2003/10/27|11:42:04||101622|46B785B0||0|
|006|_0000_|C:\Clarion10\accessory\resources\Report_Export\edit.ico|123|2003/11/28|00:50:44||94198|028A6448||0|
|006|_0000_|C:\Clarion10\accessory\resources\Report_Export\Excel.ico|124|2012/07/16|23:22:08||165017|7CE718B2||0|
|006|_0000_|C:\Clarion10\accessory\resources\Report_Export\exit.ico|125|2003/11/14|17:31:24||8294|8865B919||0|
|006|_0000_|C:\Clarion10\accessory\resources\Report_Export\forward.ico|126|2003/10/06|22:37:48||26694|B7E9A7A9||0|
|006|_0000_|C:\Clarion10\accessory\resources\Report_Export\garbage_full.ico|127|2003/10/06|22:38:44||26694|117B1E13||0|
|006|_0000_|C:\Clarion10\accessory\resources\Report_Export\ie.ico|128|2012/10/18|23:00:22||370070|4D097A59||0|
|006|_0000_|C:\Clarion10\accessory\resources\Report_Export\Izq_todos.ico|129|2006/06/08|17:49:22||9158|67FBBF29||0|
|006|_0000_|C:\Clarion10\accessory\resources\Report_Export\load.ico|130|2005/06/10|17:19:34||161862|AC9E7C80||0|
|006|_0000_|C:\Clarion10\accessory\resources\Report_Export\Next_Blue.ico|131|2003/10/06|22:37:50||26694|1161BF12||0|
|006|_0000_|C:\Clarion10\accessory\resources\Report_Export\no.ico|132|2003/08/17|10:37:38||2238|17C3A190||0|
|006|_0000_|C:\Clarion10\accessory\resources\Report_Export\office.jpg|133|2009/11/18|15:21:40||3992|819C970A||0|
|006|_0000_|C:\Clarion10\accessory\resources\Report_Export\order.ico|134|2006/05/05|13:23:52||3638|1AD05683||0|
|006|_0000_|C:\Clarion10\accessory\resources\Report_Export\order_left.ico|135|2006/05/26|20:02:00||1758|C281E24D||0|
|006|_0000_|C:\Clarion10\accessory\resources\Report_Export\order_right.ico|136|2006/05/26|20:02:14||1758|20FAEE0E||0|
|006|_0000_|C:\Clarion10\accessory\resources\Report_Export\preview.ico|137|2004/09/10|02:38:06||23558|BD0E9303||0|
|006|_0000_|C:\Clarion10\accessory\resources\Report_Export\printer.ico|138|2002/11/05|08:02:42||161862|356EAD58||0|
|006|_0000_|C:\Clarion10\accessory\resources\Report_Export\report_Exp_Src_OpenOfficeLeg.txa|139|2009/12/23|13:27:44||27888|224FA355||0|
|006|_0000_|C:\Clarion10\accessory\resources\Report_Export\report_Exp_Src_VersionOpenOffice.txa|140|2009/12/23|13:32:40||31317|059EE34D||0|
|006|_0000_|C:\Clarion10\accessory\resources\Report_Export\report_Exp_Src_VersionProfesional.txa|141|2009/12/23|13:33:00||30377|3B755263||0|
|006|_0000_|C:\Clarion10\accessory\resources\Report_Export\report_Exp_Src_VersionProf_leg.txa|142|2009/12/23|13:29:00||27146|2F3297C2||0|
|006|_0000_|C:\Clarion10\accessory\resources\Report_Export\t2.ico|143|2004/07/21|06:17:16||3262|9A91E5D9||0|
|006|_0000_|C:\Clarion10\accessory\resources\Report_Export\total.ico|144|2004/07/21|06:17:14||3262|5C54572F||0|
|006|_0000_|C:\Clarion10\accessory\resources\Report_Export\up.ico|145|2003/10/06|22:37:50||26694|58155708||0|
|006|_0000_|C:\Clarion10\accessory\resources\Report_Export\up_minus.ico|146|2003/10/06|22:35:18||26694|1C2CE795||0|
|006|_0000_|C:\Clarion10\accessory\resources\Report_Export\Word.ico|147|2012/07/16|17:42:38||165615|E3E5DBA4||0|
|006|_0000_|C:\Clarion10\accessory\resources\Report_Export\XML.ico|148|2003/10/27|11:42:04||101622|46B785B0||0|
|006|_0000_|C:\Clarion10\accessory\resources\Report_Export\XPAscii.ico|149|2007/10/17|06:26:58||139081|42B9329E||0|
|006|_0000_|C:\Clarion10\accessory\resources\Report_Export\xpexplorer.ico|150|2003/09/20|23:31:08||17542|AD2B9DC7||0|
|006|_0000_|C:\Clarion10\accessory\resources\Report_Export\xpsalir.ico|151|2003/11/14|17:31:24||8294|8865B919||0|
|006|_0000_|C:\Clarion10\accessory\resources\Report_Export\xpword.ico|152|2004/07/21|06:09:52||1758|1861D507||0|
|006|_0000_|C:\Clarion10\accessory\resources\Report_Export\xp_pri2nt.ico|153|2003/11/14|17:31:24||8294|866A60DB||0|
|006|_0000_|C:\Clarion10\accessory\Examples\Report_Export\CLIENTES.TPS|154|2014/12/12|11:45:32||3072|FDA5D577||0|
|006|_0000_|C:\Clarion10\accessory\Examples\Report_Export\clock.ico|155|2002/04/18|05:06:16||9774|D951EBF2||0|
|006|_0000_|C:\Clarion10\accessory\Examples\Report_Export\consulting.ico|156|2011/08/04|17:23:56||9662|4590B151||0|
|006|_0000_|C:\Clarion10\accessory\Examples\Report_Export\CUSTOMER.TPS|157|2011/08/31|17:55:46||4352|0718AB25||0|
|006|_0000_|C:\Clarion10\accessory\Examples\Report_Export\ec.ico|158|2003/03/06|20:49:48||161862|1481E1C9||0|
|006|_0000_|C:\Clarion10\accessory\Examples\Report_Export\ec_calc.ico|159|2004/11/26|22:43:42||10134|D8308EF5||0|
|006|_0000_|C:\Clarion10\accessory\Examples\Report_Export\ec_Excel.ico|160|2007/03/18|15:32:28||346508|291777BD||0|
|006|_0000_|C:\Clarion10\accessory\Examples\Report_Export\ec_explorer.ico|161|2003/09/20|23:31:08||17542|AD2B9DC7||0|
|006|_0000_|C:\Clarion10\accessory\Examples\Report_Export\ec_word.ico|162|2009/10/15|19:46:24||341749|728EAEAD||0|
|006|_0000_|C:\Clarion10\accessory\Examples\Report_Export\edit.ico|163|2011/08/15|10:19:06||5430|9541530A||0|
|006|_0000_|C:\Clarion10\accessory\Examples\Report_Export\evo.ico|164|2009/11/02|10:31:24||358742|CBFCC1DF||0|
|006|_0000_|C:\Clarion10\accessory\Examples\Report_Export\exit.ico|165|2003/11/14|17:31:24||8294|8865B919||0|
|006|_0000_|C:\Clarion10\accessory\Examples\Report_Export\exit2-32.ico|166|2006/09/04|15:18:06||12998|D108C393||0|
|006|_0000_|C:\Clarion10\accessory\Examples\Report_Export\export.ico|167|2006/06/30|19:14:00||46026|803AE1AE||0|
|006|_0000_|C:\Clarion10\accessory\Examples\Report_Export\frb_export.app|168|2010/11/06|12:55:46||76032|BF113D5A||0|
|006|_0000_|C:\Clarion10\accessory\Examples\Report_Export\gnome_panel_force_quit.ico|169|2011/08/06|16:36:20||67646|3068E818||0|
|006|_0000_|C:\Clarion10\accessory\Examples\Report_Export\html.ico|170|2011/08/06|16:30:46||67646|1CA50A88||0|
|006|_0000_|C:\Clarion10\accessory\Examples\Report_Export\html_htm_ie.ico|171|2011/08/06|16:34:30||16958|D40089B6||0|
|006|_0000_|C:\Clarion10\accessory\Examples\Report_Export\ITPreview_export.app|172|2006/11/01|23:52:54||204800|0FCE6035||0|
|006|_0000_|C:\Clarion10\accessory\Examples\Report_Export\MANO.CUR|173|1992/05/29|09:13:48||326|0E24C595||0|
|006|_0000_|C:\Clarion10\accessory\Examples\Report_Export\no.ico|174|2003/08/17|10:37:38||2238|17C3A190||0|
|006|_0000_|C:\Clarion10\accessory\Examples\Report_Export\oo.ico|175|2011/08/06|17:36:10||114518|EE509EEE||0|
|006|_0000_|C:\Clarion10\accessory\Examples\Report_Export\pdf.ico|176|2009/12/01|14:08:04||432254|FE7B38F1||0|
|006|_0000_|C:\Clarion10\accessory\Examples\Report_Export\preview.ico|177|2003/09/21|03:31:28||171014|1F2B4AE5||0|
|006|_0000_|C:\Clarion10\accessory\Examples\Report_Export\print.ico|178|2011/08/06|16:50:50||15086|11B9EB36||0|
|006|_0000_|C:\Clarion10\accessory\Examples\Report_Export\REPORT100.jpg|179|2011/08/10|18:42:18||11277|1B4AFABC||0|
|006|_0000_|C:\Clarion10\accessory\Examples\Report_Export\REPORT200.jpg|180|2011/08/10|18:42:00||32196|6A9F43D3||0|
|006|_0000_|C:\Clarion10\accessory\Examples\Report_Export\report_exp.app|181|2014/12/12|11:46:34||173120|E3B0A249||0|
|006|_0000_|C:\Clarion10\accessory\Examples\Report_Export\Report_Exp.dct|182|2014/12/12|10:28:04||34560|AB2164A9||0|
|006|_0000_|C:\Clarion10\accessory\Examples\Report_Export\Report_Leg.app|183|2012/07/13|20:53:52||81408|A1F53B73||0|
|006|_0000_|C:\Clarion10\accessory\Examples\Report_Export\Rprt_Leg_CPCS.app|184|2011/06/03|09:19:36||49408|7A142EBA||0|
|006|_0000_|C:\Clarion10\accessory\Examples\Report_Export\salir.ico|185|2003/11/14|17:31:24||8294|8865B919||0|
|006|_0000_|C:\Clarion10\accessory\Examples\Report_Export\stock_quit.ico|186|2011/08/06|16:36:58||9662|1D316250||0|
|006|_0000_|C:\Clarion10\accessory\Examples\Report_Export\TCW.ico|187|2011/08/06|12:05:44||13942|F829C0BF||0|
|006|_0000_|C:\Clarion10\accessory\Examples\Report_Export\total.ico|188|2011/08/06|16:45:38||1150|1BE2A09F||0|
|006|_0000_|C:\Clarion10\accessory\Examples\Report_Export\TXT.ico|189|2007/10/17|06:26:58||139081|42B9329E||0|
|006|_0000_|C:\Clarion10\accessory\Examples\Report_Export\uno.tps|190|2014/12/12|11:45:32||1536|EC49113A||0|
|006|_0000_|C:\Clarion10\accessory\Examples\Report_Export\videos.ico|191|2005/04/25|22:19:40||26694|A4449735||0|
|006|_0000_|C:\Clarion10\accessory\Examples\Report_Export\web_html_01.ico|192|2011/08/06|16:32:14||38078|6C6DD36F||0|
|006|_0000_|C:\Clarion10\accessory\Examples\Report_Export\XML.ico|193|2003/10/27|11:42:04||101622|46B785B0||0|
|006|_0000_|C:\Clarion10\accessory\Examples\Report_Export\XPAscii.ico|194|2003/11/14|17:31:24||24942|5F8A9BD5||0|
|006|_0000_|C:\Clarion10\accessory\Examples\Report_Export\xpexplorer.ico|195|2003/09/20|23:31:08||17542|AD2B9DC7||0|
|006|_0000_|C:\Clarion10\accessory\Examples\Report_Export\xpsalir.ico|196|2003/11/14|17:31:24||8294|8865B919||0|
|006|_0000_|C:\Clarion10\accessory\Docs\Report_Export\ReportExport_ENG.chm|197|2011/08/11|23:11:06||1451725|4224BC29||0|
|006|_0000_|C:\Clarion10\accessory\Docs\Report_Export\ReportExport_SPA.chm|198|2011/08/09|21:19:04||1517701|B46A6FCE||0|
|006|_0000_|C:\Clarion10\accessory\template\win\evo_rpt_Ex2.tpw|199|2004/11/25|17:23:24||1045|1C59A0A3||0|
|006|_0000_|C:\Clarion10\accessory\bin\dscrt30.dll|200|2005/07/17|08:48:00|3.4.0.86|139264|80C12C3D||0|
|006|_0000_|C:\Clarion10\accessory\bin\ixclib30.dll|201|2005/07/17|08:49:00|3.4.0.86|471040|DA9CBDBB||0|
|006|_0000_|C:\Clarion10\accessory\bin\pxclib30.dll|202|2005/07/17|08:50:00|3.4.0.86|536576|0E0AF0DE||0|
|006|_0000_|C:\Clarion10\accessory\bin\xccdx30.dll|203|2005/07/17|08:48:00|3.4.0.86|536576|DB9F3BD4||0|
|006|_0000_|C:\Clarion10\accessory\bin\xcpars30.dll|204|2005/07/18|06:45:00|3.4.0.86|159744|E9BA1736||0|
|006|_0000_|C:\Clarion10\accessory\bin\xcpro30.dll|205|2005/07/18|06:45:00|3.4.0.86|200704|1385AC5C||0|
|006|_0000_|C:\Clarion10\accessory\Examples\Report_Export\dscrt30.dll|206|2005/07/17|08:48:00|3.4.0.86|139264|80C12C3D||0|
|006|_0000_|C:\Clarion10\accessory\Examples\Report_Export\ixclib30.dll|207|2005/07/17|08:49:00|3.4.0.86|471040|DA9CBDBB||0|
|006|_0000_|C:\Clarion10\accessory\Examples\Report_Export\pxclib30.dll|208|2005/07/17|08:50:00|3.4.0.86|536576|0E0AF0DE||0|
|006|_0000_|C:\Clarion10\accessory\Examples\Report_Export\xccdx30.dll|209|2005/07/17|08:48:00|3.4.0.86|536576|DB9F3BD4||0|
|006|_0000_|C:\Clarion10\accessory\Examples\Report_Export\xcpars30.dll|210|2005/07/18|06:45:00|3.4.0.86|159744|E9BA1736||0|
|006|_0000_|C:\Clarion10\accessory\Examples\Report_Export\xcpro30.dll|211|2005/07/18|06:45:00|3.4.0.86|200704|1385AC5C||0|
|165|C:\Clarion10\Bin|C:\Clarion10\accessory\template\win\evo_Rpt_Ex.tpl
|165|C:\Clarion10\Bin|C:\Clarion10\accessory\template\win\evo_Rpt_ExLeg.tpl
